# JRE version: Java(TM) SE Runtime Environment (8.0_31-b13) (build 1.8.0_31-b13)
# Java VM: Java HotSpot(TM) 64-Bit Server VM (25.31-b07 mixed mode bsd-amd64 compressed oops)
Heap:
 PSYoungGen      total 24064K, used 7875K [0x00000007aab00000, 0x00000007ad000000, 0x00000007c0000000)
  eden space 21504K, 24% used [0x00000007aab00000,0x00000007ab038bf0,0x00000007ac000000)
  from space 2560K, 98% used [0x00000007acd80000,0x00000007acff83f0,0x00000007ad000000)
  to   space 2560K, 0% used [0x00000007acb00000,0x00000007acb00000,0x00000007acd80000)
 ParOldGen       total 43008K, used 11753K [0x0000000780000000, 0x0000000782a00000, 0x00000007aab00000)
  object space 43008K, 27% used [0x0000000780000000,0x0000000780b7a518,0x0000000782a00000)
 Metaspace       used 21779K, capacity 22538K, committed 22784K, reserved 1069056K
  class space    used 3115K, capacity 3293K, committed 3328K, reserved 1048576K
GC Heap History (10 events):
Event: 0.912 GC heap before
{Heap before GC invocations=1 (full 0):
 PSYoungGen      total 18944K, used 16384K [0x00000007aab00000, 0x00000007ac000000, 0x00000007c0000000)
  eden space 16384K, 100% used [0x00000007aab00000,0x00000007abb00000,0x00000007abb00000)
  from space 2560K, 0% used [0x00000007abd80000,0x00000007abd80000,0x00000007ac000000)
  to   space 2560K, 0% used [0x00000007abb00000,0x00000007abb00000,0x00000007abd80000)
 ParOldGen       total 44032K, used 0K [0x0000000780000000, 0x0000000782b00000, 0x00000007aab00000)
  object space 44032K, 0% used [0x0000000780000000,0x0000000780000000,0x0000000782b00000)
 Metaspace       used 12508K, capacity 12804K, committed 13056K, reserved 1060864K
  class space    used 1628K, capacity 1712K, committed 1792K, reserved 1048576K
Event: 0.920 GC heap after
Heap after GC invocations=1 (full 0):
 PSYoungGen      total 18944K, used 2544K [0x00000007aab00000, 0x00000007ac000000, 0x00000007c0000000)
  eden space 16384K, 0% used [0x00000007aab00000,0x00000007aab00000,0x00000007abb00000)
  from space 2560K, 99% used [0x00000007abb00000,0x00000007abd7c030,0x00000007abd80000)
  to   space 2560K, 0% used [0x00000007abd80000,0x00000007abd80000,0x00000007ac000000)
 ParOldGen       total 44032K, used 306K [0x0000000780000000, 0x0000000782b00000, 0x00000007aab00000)
  object space 44032K, 0% used [0x0000000780000000,0x000000078004cba8,0x0000000782b00000)
 Metaspace       used 12508K, capacity 12804K, committed 13056K, reserved 1060864K
  class space    used 1628K, capacity 1712K, committed 1792K, reserved 1048576K
}
Event: 1.420 GC heap before
{Heap before GC invocations=2 (full 0):
 PSYoungGen      total 18944K, used 18928K [0x00000007aab00000, 0x00000007ac000000, 0x00000007c0000000)
  eden space 16384K, 100% used [0x00000007aab00000,0x00000007abb00000,0x00000007abb00000)
  from space 2560K, 99% used [0x00000007abb00000,0x00000007abd7c030,0x00000007abd80000)
  to   space 2560K, 0% used [0x00000007abd80000,0x00000007abd80000,0x00000007ac000000)
 ParOldGen       total 44032K, used 306K [0x0000000780000000, 0x0000000782b00000, 0x00000007aab00000)
  object space 44032K, 0% used [0x0000000780000000,0x000000078004cba8,0x0000000782b00000)
 Metaspace       used 16352K, capacity 16808K, committed 17024K, reserved 1064960K
  class space    used 2288K, capacity 2418K, committed 2432K, reserved 1048576K
Event: 1.429 GC heap after
Heap after GC invocations=2 (full 0):
 PSYoungGen      total 18944K, used 2553K [0x00000007aab00000, 0x00000007ad000000, 0x00000007c0000000)
  eden space 16384K, 0% used [0x00000007aab00000,0x00000007aab00000,0x00000007abb00000)
  from space 2560K, 99% used [0x00000007abd80000,0x00000007abffe440,0x00000007ac000000)
  to   space 2560K, 0% used [0x00000007abb00000,0x00000007abb00000,0x00000007abd80000)
 ParOldGen       total 44032K, used 5407K [0x0000000780000000, 0x0000000782b00000, 0x00000007aab00000)
  object space 44032K, 12% used [0x0000000780000000,0x0000000780547c58,0x0000000782b00000)
 Metaspace       used 16352K, capacity 16808K, committed 17024K, reserved 1064960K
  class space    used 2288K, capacity 2418K, committed 2432K, reserved 1048576K
}
Event: 1.912 GC heap before
{Heap before GC invocations=3 (full 0):
 PSYoungGen      total 18944K, used 13633K [0x00000007aab00000, 0x00000007ad000000, 0x00000007c0000000)
  eden space 16384K, 67% used [0x00000007aab00000,0x00000007ab5d2298,0x00000007abb00000)
  from space 2560K, 99% used [0x00000007abd80000,0x00000007abffe440,0x00000007ac000000)
  to   space 2560K, 0% used [0x00000007abb00000,0x00000007abb00000,0x00000007abd80000)
 ParOldGen       total 44032K, used 5407K [0x0000000780000000, 0x0000000782b00000, 0x00000007aab00000)
  object space 44032K, 12% used [0x0000000780000000,0x0000000780547c58,0x0000000782b00000)
 Metaspace       used 20535K, capacity 21180K, committed 21296K, reserved 1067008K
  class space    used 2947K, capacity 3116K, committed 3200K, reserved 1048576K
Event: 1.919 GC heap after
Heap after GC invocations=3 (full 0):
 PSYoungGen      total 18944K, used 2534K [0x00000007aab00000, 0x00000007ad000000, 0x00000007c0000000)
  eden space 16384K, 0% used [0x00000007aab00000,0x00000007aab00000,0x00000007abb00000)
  from space 2560K, 99% used [0x00000007abb00000,0x00000007abd79af0,0x00000007abd80000)
  to   space 2560K, 0% used [0x00000007acd80000,0x00000007acd80000,0x00000007ad000000)
 ParOldGen       total 44032K, used 7269K [0x0000000780000000, 0x0000000782b00000, 0x00000007aab00000)
  object space 44032K, 16% used [0x0000000780000000,0x0000000780719478,0x0000000782b00000)
 Metaspace       used 20535K, capacity 21180K, committed 21296K, reserved 1067008K
  class space    used 2947K, capacity 3116K, committed 3200K, reserved 1048576K
}
Event: 1.919 GC heap before
{Heap before GC invocations=4 (full 1):
 PSYoungGen      total 18944K, used 2534K [0x00000007aab00000, 0x00000007ad000000, 0x00000007c0000000)
  eden space 16384K, 0% used [0x00000007aab00000,0x00000007aab00000,0x00000007abb00000)
  from space 2560K, 99% used [0x00000007abb00000,0x00000007abd79af0,0x00000007abd80000)
  to   space 2560K, 0% used [0x00000007acd80000,0x00000007acd80000,0x00000007ad000000)
 ParOldGen       total 44032K, used 7269K [0x0000000780000000, 0x0000000782b00000, 0x00000007aab00000)
  object space 44032K, 16% used [0x0000000780000000,0x0000000780719478,0x0000000782b00000)
 Metaspace       used 20535K, capacity 21180K, committed 21296K, reserved 1067008K
  class space    used 2947K, capacity 3116K, committed 3200K, reserved 1048576K
Event: 1.973 GC heap after
Heap after GC invocations=4 (full 1):
 PSYoungGen      total 18944K, used 0K [0x00000007aab00000, 0x00000007ad000000, 0x00000007c0000000)
  eden space 16384K, 0% used [0x00000007aab00000,0x00000007aab00000,0x00000007abb00000)
  from space 2560K, 0% used [0x00000007abb00000,0x00000007abb00000,0x00000007abd80000)
  to   space 2560K, 0% used [0x00000007acd80000,0x00000007acd80000,0x00000007ad000000)
 ParOldGen       total 43008K, used 8945K [0x0000000780000000, 0x0000000782a00000, 0x00000007aab00000)
  object space 43008K, 20% used [0x0000000780000000,0x00000007808bc518,0x0000000782a00000)
 Metaspace       used 20534K, capacity 21178K, committed 21296K, reserved 1067008K
  class space    used 2946K, capacity 3115K, committed 3200K, reserved 1048576K
}
Event: 3.088 GC heap before
{Heap before GC invocations=5 (full 1):
 PSYoungGen      total 18944K, used 16384K [0x00000007aab00000, 0x00000007ad000000, 0x00000007c0000000)
  eden space 16384K, 100% used [0x00000007aab00000,0x00000007abb00000,0x00000007abb00000)
  from space 2560K, 0% used [0x00000007abb00000,0x00000007abb00000,0x00000007abd80000)
  to   space 2560K, 0% used [0x00000007acd80000,0x00000007acd80000,0x00000007ad000000)
 ParOldGen       total 43008K, used 8945K [0x0000000780000000, 0x0000000782a00000, 0x00000007aab00000)
  object space 43008K, 20% used [0x0000000780000000,0x00000007808bc518,0x0000000782a00000)
 Metaspace       used 21534K, capacity 22244K, committed 22528K, reserved 1069056K
  class space    used 3067K, capacity 3228K, committed 3328K, reserved 1048576K
Event: 3.101 GC heap after
Heap after GC invocations=5 (full 1):
 PSYoungGen      total 24064K, used 2528K [0x00000007aab00000, 0x00000007ad000000, 0x00000007c0000000)
  eden space 21504K, 0% used [0x00000007aab00000,0x00000007aab00000,0x00000007ac000000)
  from space 2560K, 98% used [0x00000007acd80000,0x00000007acff83f0,0x00000007ad000000)
  to   space 2560K, 0% used [0x00000007acb00000,0x00000007acb00000,0x00000007acd80000)
 ParOldGen       total 43008K, used 11753K [0x0000000780000000, 0x0000000782a00000, 0x00000007aab00000)
  object space 43008K, 27% used [0x0000000780000000,0x0000000780b7a518,0x0000000782a00000)
 Metaspace       used 21534K, capacity 22244K, committed 22528K, reserved 1069056K
  class space    used 3067K, capacity 3228K, committed 3328K, reserved 1048576K
}

