# JRE version: Java(TM) SE Runtime Environment (8.0_31-b13) (build 1.8.0_31-b13)
# Java VM: Java HotSpot(TM) 64-Bit Server VM (25.31-b07 mixed mode bsd-amd64 compressed oops)
Heap:
 PSYoungGen      total 24576K, used 18302K [0x00000007aab00000, 0x00000007ad000000, 0x00000007c0000000)
  eden space 22016K, 71% used [0x00000007aab00000,0x00000007aba67be0,0x00000007ac080000)
  from space 2560K, 98% used [0x00000007acd80000,0x00000007acff8010,0x00000007ad000000)
  to   space 2560K, 0% used [0x00000007acb00000,0x00000007acb00000,0x00000007acd80000)
 ParOldGen       total 43520K, used 11701K [0x0000000780000000, 0x0000000782a80000, 0x00000007aab00000)
  object space 43520K, 26% used [0x0000000780000000,0x0000000780b6d710,0x0000000782a80000)
 Metaspace       used 23820K, capacity 24606K, committed 24880K, reserved 1071104K
  class space    used 3389K, capacity 3566K, committed 3632K, reserved 1048576K
GC Heap History (10 events):
Event: 1.504 GC heap before
{Heap before GC invocations=1 (full 0):
 PSYoungGen      total 18944K, used 16384K [0x00000007aab00000, 0x00000007ac000000, 0x00000007c0000000)
  eden space 16384K, 100% used [0x00000007aab00000,0x00000007abb00000,0x00000007abb00000)
  from space 2560K, 0% used [0x00000007abd80000,0x00000007abd80000,0x00000007ac000000)
  to   space 2560K, 0% used [0x00000007abb00000,0x00000007abb00000,0x00000007abd80000)
 ParOldGen       total 44032K, used 0K [0x0000000780000000, 0x0000000782b00000, 0x00000007aab00000)
  object space 44032K, 0% used [0x0000000780000000,0x0000000780000000,0x0000000782b00000)
 Metaspace       used 12606K, capacity 12958K, committed 13056K, reserved 1060864K
  class space    used 1647K, capacity 1750K, committed 1792K, reserved 1048576K
Event: 1.509 GC heap after
Heap after GC invocations=1 (full 0):
 PSYoungGen      total 18944K, used 2528K [0x00000007aab00000, 0x00000007ac000000, 0x00000007c0000000)
  eden space 16384K, 0% used [0x00000007aab00000,0x00000007aab00000,0x00000007abb00000)
  from space 2560K, 98% used [0x00000007abb00000,0x00000007abd78040,0x00000007abd80000)
  to   space 2560K, 0% used [0x00000007abd80000,0x00000007abd80000,0x00000007ac000000)
 ParOldGen       total 44032K, used 259K [0x0000000780000000, 0x0000000782b00000, 0x00000007aab00000)
  object space 44032K, 0% used [0x0000000780000000,0x0000000780040c28,0x0000000782b00000)
 Metaspace       used 12606K, capacity 12958K, committed 13056K, reserved 1060864K
  class space    used 1647K, capacity 1750K, committed 1792K, reserved 1048576K
}
Event: 2.238 GC heap before
{Heap before GC invocations=2 (full 0):
 PSYoungGen      total 18944K, used 18912K [0x00000007aab00000, 0x00000007ac000000, 0x00000007c0000000)
  eden space 16384K, 100% used [0x00000007aab00000,0x00000007abb00000,0x00000007abb00000)
  from space 2560K, 98% used [0x00000007abb00000,0x00000007abd78040,0x00000007abd80000)
  to   space 2560K, 0% used [0x00000007abd80000,0x00000007abd80000,0x00000007ac000000)
 ParOldGen       total 44032K, used 259K [0x0000000780000000, 0x0000000782b00000, 0x00000007aab00000)
  object space 44032K, 0% used [0x0000000780000000,0x0000000780040c28,0x0000000782b00000)
 Metaspace       used 17073K, capacity 17430K, committed 17664K, reserved 1064960K
  class space    used 2337K, capacity 2456K, committed 2560K, reserved 1048576K
Event: 2.254 GC heap after
Heap after GC invocations=2 (full 0):
 PSYoungGen      total 18944K, used 2547K [0x00000007aab00000, 0x00000007ad000000, 0x00000007c0000000)
  eden space 16384K, 0% used [0x00000007aab00000,0x00000007aab00000,0x00000007abb00000)
  from space 2560K, 99% used [0x00000007abd80000,0x00000007abffcfe0,0x00000007ac000000)
  to   space 2560K, 0% used [0x00000007abb00000,0x00000007abb00000,0x00000007abd80000)
 ParOldGen       total 44032K, used 3160K [0x0000000780000000, 0x0000000782b00000, 0x00000007aab00000)
  object space 44032K, 7% used [0x0000000780000000,0x0000000780316260,0x0000000782b00000)
 Metaspace       used 17073K, capacity 17430K, committed 17664K, reserved 1064960K
  class space    used 2337K, capacity 2456K, committed 2560K, reserved 1048576K
}
Event: 3.132 GC heap before
{Heap before GC invocations=3 (full 0):
 PSYoungGen      total 18944K, used 17209K [0x00000007aab00000, 0x00000007ad000000, 0x00000007c0000000)
  eden space 16384K, 89% used [0x00000007aab00000,0x00000007ab951578,0x00000007abb00000)
  from space 2560K, 99% used [0x00000007abd80000,0x00000007abffcfe0,0x00000007ac000000)
  to   space 2560K, 0% used [0x00000007abb00000,0x00000007abb00000,0x00000007abd80000)
 ParOldGen       total 44032K, used 3160K [0x0000000780000000, 0x0000000782b00000, 0x00000007aab00000)
  object space 44032K, 7% used [0x0000000780000000,0x0000000780316260,0x0000000782b00000)
 Metaspace       used 20683K, capacity 21226K, committed 21296K, reserved 1067008K
  class space    used 2943K, capacity 3096K, committed 3120K, reserved 1048576K
Event: 3.142 GC heap after
Heap after GC invocations=3 (full 0):
 PSYoungGen      total 18944K, used 2551K [0x00000007aab00000, 0x00000007ad000000, 0x00000007c0000000)
  eden space 16384K, 0% used [0x00000007aab00000,0x00000007aab00000,0x00000007abb00000)
  from space 2560K, 99% used [0x00000007abb00000,0x00000007abd7dfb8,0x00000007abd80000)
  to   space 2560K, 0% used [0x00000007acd80000,0x00000007acd80000,0x00000007ad000000)
 ParOldGen       total 44032K, used 8195K [0x0000000780000000, 0x0000000782b00000, 0x00000007aab00000)
  object space 44032K, 18% used [0x0000000780000000,0x0000000780800e68,0x0000000782b00000)
 Metaspace       used 20683K, capacity 21226K, committed 21296K, reserved 1067008K
  class space    used 2943K, capacity 3096K, committed 3120K, reserved 1048576K
}
Event: 3.142 GC heap before
{Heap before GC invocations=4 (full 1):
 PSYoungGen      total 18944K, used 2551K [0x00000007aab00000, 0x00000007ad000000, 0x00000007c0000000)
  eden space 16384K, 0% used [0x00000007aab00000,0x00000007aab00000,0x00000007abb00000)
  from space 2560K, 99% used [0x00000007abb00000,0x00000007abd7dfb8,0x00000007abd80000)
  to   space 2560K, 0% used [0x00000007acd80000,0x00000007acd80000,0x00000007ad000000)
 ParOldGen       total 44032K, used 8195K [0x0000000780000000, 0x0000000782b00000, 0x00000007aab00000)
  object space 44032K, 18% used [0x0000000780000000,0x0000000780800e68,0x0000000782b00000)
 Metaspace       used 20683K, capacity 21226K, committed 21296K, reserved 1067008K
  class space    used 2943K, capacity 3096K, committed 3120K, reserved 1048576K
Event: 3.206 GC heap after
Heap after GC invocations=4 (full 1):
 PSYoungGen      total 18944K, used 0K [0x00000007aab00000, 0x00000007ad000000, 0x00000007c0000000)
  eden space 16384K, 0% used [0x00000007aab00000,0x00000007aab00000,0x00000007abb00000)
  from space 2560K, 0% used [0x00000007abb00000,0x00000007abb00000,0x00000007abd80000)
  to   space 2560K, 0% used [0x00000007acd80000,0x00000007acd80000,0x00000007ad000000)
 ParOldGen       total 43520K, used 9855K [0x0000000780000000, 0x0000000782a80000, 0x00000007aab00000)
  object space 43520K, 22% used [0x0000000780000000,0x000000078099fc70,0x0000000782a80000)
 Metaspace       used 20681K, capacity 21224K, committed 21296K, reserved 1067008K
  class space    used 2942K, capacity 3095K, committed 3120K, reserved 1048576K
}
Event: 4.839 GC heap before
{Heap before GC invocations=5 (full 1):
 PSYoungGen      total 18944K, used 16384K [0x00000007aab00000, 0x00000007ad000000, 0x00000007c0000000)
  eden space 16384K, 100% used [0x00000007aab00000,0x00000007abb00000,0x00000007abb00000)
  from space 2560K, 0% used [0x00000007abb00000,0x00000007abb00000,0x00000007abd80000)
  to   space 2560K, 0% used [0x00000007acd80000,0x00000007acd80000,0x00000007ad000000)
 ParOldGen       total 43520K, used 9855K [0x0000000780000000, 0x0000000782a80000, 0x00000007aab00000)
  object space 43520K, 22% used [0x0000000780000000,0x000000078099fc70,0x0000000782a80000)
 Metaspace       used 23541K, capacity 24276K, committed 24624K, reserved 1071104K
  class space    used 3349K, capacity 3511K, committed 3632K, reserved 1048576K
Event: 4.853 GC heap after
Heap after GC invocations=5 (full 1):
 PSYoungGen      total 24576K, used 2528K [0x00000007aab00000, 0x00000007ad000000, 0x00000007c0000000)
  eden space 22016K, 0% used [0x00000007aab00000,0x00000007aab00000,0x00000007ac080000)
  from space 2560K, 98% used [0x00000007acd80000,0x00000007acff8010,0x00000007ad000000)
  to   space 2560K, 0% used [0x00000007acb00000,0x00000007acb00000,0x00000007acd80000)
 ParOldGen       total 43520K, used 11701K [0x0000000780000000, 0x0000000782a80000, 0x00000007aab00000)
  object space 43520K, 26% used [0x0000000780000000,0x0000000780b6d710,0x0000000782a80000)
 Metaspace       used 23541K, capacity 24276K, committed 24624K, reserved 1071104K
  class space    used 3349K, capacity 3511K, committed 3632K, reserved 1048576K
}

