# JRE version: Java(TM) SE Runtime Environment (8.0_31-b13) (build 1.8.0_31-b13)
# Java VM: Java HotSpot(TM) 64-Bit Server VM (25.31-b07 mixed mode bsd-amd64 compressed oops)
Heap:
 PSYoungGen      total 18944K, used 7183K [0x00000007aab00000, 0x00000007ac500000, 0x00000007c0000000)
  eden space 16384K, 28% used [0x00000007aab00000,0x00000007aaf8bb38,0x00000007abb00000)
  from space 2560K, 98% used [0x00000007abd80000,0x00000007abff83f0,0x00000007ac000000)
  to   space 2560K, 0% used [0x00000007abb00000,0x00000007abb00000,0x00000007abd80000)
 ParOldGen       total 43008K, used 11955K [0x0000000780000000, 0x0000000782a00000, 0x00000007aab00000)
  object space 43008K, 27% used [0x0000000780000000,0x0000000780bacfb8,0x0000000782a00000)
 Metaspace       used 21849K, capacity 22580K, committed 22784K, reserved 1069056K
  class space    used 3115K, capacity 3292K, committed 3328K, reserved 1048576K
GC Heap History (10 events):
Event: 1.037 GC heap before
{Heap before GC invocations=1 (full 0):
 PSYoungGen      total 18944K, used 16384K [0x00000007aab00000, 0x00000007ac000000, 0x00000007c0000000)
  eden space 16384K, 100% used [0x00000007aab00000,0x00000007abb00000,0x00000007abb00000)
  from space 2560K, 0% used [0x00000007abd80000,0x00000007abd80000,0x00000007ac000000)
  to   space 2560K, 0% used [0x00000007abb00000,0x00000007abb00000,0x00000007abd80000)
 ParOldGen       total 44032K, used 0K [0x0000000780000000, 0x0000000782b00000, 0x00000007aab00000)
  object space 44032K, 0% used [0x0000000780000000,0x0000000780000000,0x0000000782b00000)
 Metaspace       used 12517K, capacity 12852K, committed 13056K, reserved 1060864K
  class space    used 1628K, capacity 1712K, committed 1792K, reserved 1048576K
Event: 1.042 GC heap after
Heap after GC invocations=1 (full 0):
 PSYoungGen      total 18944K, used 2544K [0x00000007aab00000, 0x00000007ac000000, 0x00000007c0000000)
  eden space 16384K, 0% used [0x00000007aab00000,0x00000007aab00000,0x00000007abb00000)
  from space 2560K, 99% used [0x00000007abb00000,0x00000007abd7c030,0x00000007abd80000)
  to   space 2560K, 0% used [0x00000007abd80000,0x00000007abd80000,0x00000007ac000000)
 ParOldGen       total 44032K, used 275K [0x0000000780000000, 0x0000000782b00000, 0x00000007aab00000)
  object space 44032K, 0% used [0x0000000780000000,0x0000000780044e68,0x0000000782b00000)
 Metaspace       used 12517K, capacity 12852K, committed 13056K, reserved 1060864K
  class space    used 1628K, capacity 1712K, committed 1792K, reserved 1048576K
}
Event: 1.739 GC heap before
{Heap before GC invocations=2 (full 0):
 PSYoungGen      total 18944K, used 18928K [0x00000007aab00000, 0x00000007ac000000, 0x00000007c0000000)
  eden space 16384K, 100% used [0x00000007aab00000,0x00000007abb00000,0x00000007abb00000)
  from space 2560K, 99% used [0x00000007abb00000,0x00000007abd7c030,0x00000007abd80000)
  to   space 2560K, 0% used [0x00000007abd80000,0x00000007abd80000,0x00000007ac000000)
 ParOldGen       total 44032K, used 275K [0x0000000780000000, 0x0000000782b00000, 0x00000007aab00000)
  object space 44032K, 0% used [0x0000000780000000,0x0000000780044e68,0x0000000782b00000)
 Metaspace       used 16386K, capacity 16856K, committed 17024K, reserved 1064960K
  class space    used 2288K, capacity 2418K, committed 2432K, reserved 1048576K
Event: 1.749 GC heap after
Heap after GC invocations=2 (full 0):
 PSYoungGen      total 18944K, used 2537K [0x00000007aab00000, 0x00000007ac000000, 0x00000007c0000000)
  eden space 16384K, 0% used [0x00000007aab00000,0x00000007aab00000,0x00000007abb00000)
  from space 2560K, 99% used [0x00000007abd80000,0x00000007abffa430,0x00000007ac000000)
  to   space 2560K, 0% used [0x00000007abb00000,0x00000007abb00000,0x00000007abd80000)
 ParOldGen       total 44032K, used 5411K [0x0000000780000000, 0x0000000782b00000, 0x00000007aab00000)
  object space 44032K, 12% used [0x0000000780000000,0x0000000780548c98,0x0000000782b00000)
 Metaspace       used 16386K, capacity 16856K, committed 17024K, reserved 1064960K
  class space    used 2288K, capacity 2418K, committed 2432K, reserved 1048576K
}
Event: 2.405 GC heap before
{Heap before GC invocations=3 (full 0):
 PSYoungGen      total 18944K, used 14387K [0x00000007aab00000, 0x00000007ac000000, 0x00000007c0000000)
  eden space 16384K, 72% used [0x00000007aab00000,0x00000007ab692878,0x00000007abb00000)
  from space 2560K, 99% used [0x00000007abd80000,0x00000007abffa430,0x00000007ac000000)
  to   space 2560K, 0% used [0x00000007abb00000,0x00000007abb00000,0x00000007abd80000)
 ParOldGen       total 44032K, used 5411K [0x0000000780000000, 0x0000000782b00000, 0x00000007aab00000)
  object space 44032K, 12% used [0x0000000780000000,0x0000000780548c98,0x0000000782b00000)
 Metaspace       used 20511K, capacity 21168K, committed 21296K, reserved 1067008K
  class space    used 2940K, capacity 3116K, committed 3200K, reserved 1048576K
Event: 2.412 GC heap after
Heap after GC invocations=3 (full 0):
 PSYoungGen      total 18944K, used 2552K [0x00000007aab00000, 0x00000007ac000000, 0x00000007c0000000)
  eden space 16384K, 0% used [0x00000007aab00000,0x00000007aab00000,0x00000007abb00000)
  from space 2560K, 99% used [0x00000007abb00000,0x00000007abd7e338,0x00000007abd80000)
  to   space 2560K, 0% used [0x00000007abd80000,0x00000007abd80000,0x00000007ac000000)
 ParOldGen       total 44032K, used 7325K [0x0000000780000000, 0x0000000782b00000, 0x00000007aab00000)
  object space 44032K, 16% used [0x0000000780000000,0x00000007807274d0,0x0000000782b00000)
 Metaspace       used 20511K, capacity 21168K, committed 21296K, reserved 1067008K
  class space    used 2940K, capacity 3116K, committed 3200K, reserved 1048576K
}
Event: 2.412 GC heap before
{Heap before GC invocations=4 (full 1):
 PSYoungGen      total 18944K, used 2552K [0x00000007aab00000, 0x00000007ac000000, 0x00000007c0000000)
  eden space 16384K, 0% used [0x00000007aab00000,0x00000007aab00000,0x00000007abb00000)
  from space 2560K, 99% used [0x00000007abb00000,0x00000007abd7e338,0x00000007abd80000)
  to   space 2560K, 0% used [0x00000007abd80000,0x00000007abd80000,0x00000007ac000000)
 ParOldGen       total 44032K, used 7325K [0x0000000780000000, 0x0000000782b00000, 0x00000007aab00000)
  object space 44032K, 16% used [0x0000000780000000,0x00000007807274d0,0x0000000782b00000)
 Metaspace       used 20511K, capacity 21168K, committed 21296K, reserved 1067008K
  class space    used 2940K, capacity 3116K, committed 3200K, reserved 1048576K
Event: 2.467 GC heap after
Heap after GC invocations=4 (full 1):
 PSYoungGen      total 18944K, used 0K [0x00000007aab00000, 0x00000007ac000000, 0x00000007c0000000)
  eden space 16384K, 0% used [0x00000007aab00000,0x00000007aab00000,0x00000007abb00000)
  from space 2560K, 0% used [0x00000007abb00000,0x00000007abb00000,0x00000007abd80000)
  to   space 2560K, 0% used [0x00000007abd80000,0x00000007abd80000,0x00000007ac000000)
 ParOldGen       total 43008K, used 9035K [0x0000000780000000, 0x0000000782a00000, 0x00000007aab00000)
  object space 43008K, 21% used [0x0000000780000000,0x00000007808d2fb8,0x0000000782a00000)
 Metaspace       used 20509K, capacity 21166K, committed 21296K, reserved 1067008K
  class space    used 2939K, capacity 3115K, committed 3200K, reserved 1048576K
}
Event: 3.751 GC heap before
{Heap before GC invocations=5 (full 1):
 PSYoungGen      total 18944K, used 16384K [0x00000007aab00000, 0x00000007ac000000, 0x00000007c0000000)
  eden space 16384K, 100% used [0x00000007aab00000,0x00000007abb00000,0x00000007abb00000)
  from space 2560K, 0% used [0x00000007abb00000,0x00000007abb00000,0x00000007abd80000)
  to   space 2560K, 0% used [0x00000007abd80000,0x00000007abd80000,0x00000007ac000000)
 ParOldGen       total 43008K, used 9035K [0x0000000780000000, 0x0000000782a00000, 0x00000007aab00000)
  object space 43008K, 21% used [0x0000000780000000,0x00000007808d2fb8,0x0000000782a00000)
 Metaspace       used 21669K, capacity 22398K, committed 22528K, reserved 1069056K
  class space    used 3082K, capacity 3241K, committed 3328K, reserved 1048576K
Event: 3.765 GC heap after
Heap after GC invocations=5 (full 1):
 PSYoungGen      total 18944K, used 2528K [0x00000007aab00000, 0x00000007ac500000, 0x00000007c0000000)
  eden space 16384K, 0% used [0x00000007aab00000,0x00000007aab00000,0x00000007abb00000)
  from space 2560K, 98% used [0x00000007abd80000,0x00000007abff83f0,0x00000007ac000000)
  to   space 2560K, 0% used [0x00000007abb00000,0x00000007abb00000,0x00000007abd80000)
 ParOldGen       total 43008K, used 11955K [0x0000000780000000, 0x0000000782a00000, 0x00000007aab00000)
  object space 43008K, 27% used [0x0000000780000000,0x0000000780bacfb8,0x0000000782a00000)
 Metaspace       used 21669K, capacity 22398K, committed 22528K, reserved 1069056K
  class space    used 3082K, capacity 3241K, committed 3328K, reserved 1048576K
}

