# JRE version: Java(TM) SE Runtime Environment (8.0_31-b13) (build 1.8.0_31-b13)
# Java VM: Java HotSpot(TM) 64-Bit Server VM (25.31-b07 mixed mode bsd-amd64 compressed oops)
Heap:
 PSYoungGen      total 18944K, used 3305K [0x0000000142300000, 0x0000000143800000, 0x0000000157800000)
  eden space 16384K, 4% used [0x0000000142300000,0x00000001423bcdd8,0x0000000143300000)
  from space 2560K, 99% used [0x0000000143300000,0x000000014357d640,0x0000000143580000)
  to   space 2560K, 0% used [0x0000000143580000,0x0000000143580000,0x0000000143800000)
 ParOldGen       total 44032K, used 8334K [0x0000000117800000, 0x000000011a300000, 0x0000000142300000)
  object space 44032K, 18% used [0x0000000117800000,0x0000000118023b78,0x000000011a300000)
 Metaspace       used 20307K, capacity 20896K, committed 21248K, reserved 1067008K
  class space    used 2833K, capacity 2972K, committed 3072K, reserved 1048576K
GC Heap History (6 events):
Event: 2.650 GC heap before
{Heap before GC invocations=1 (full 0):
 PSYoungGen      total 18944K, used 16384K [0x0000000142300000, 0x0000000143800000, 0x0000000157800000)
  eden space 16384K, 100% used [0x0000000142300000,0x0000000143300000,0x0000000143300000)
  from space 2560K, 0% used [0x0000000143580000,0x0000000143580000,0x0000000143800000)
  to   space 2560K, 0% used [0x0000000143300000,0x0000000143300000,0x0000000143580000)
 ParOldGen       total 44032K, used 0K [0x0000000117800000, 0x000000011a300000, 0x0000000142300000)
  object space 44032K, 0% used [0x0000000117800000,0x0000000117800000,0x000000011a300000)
 Metaspace       used 12511K, capacity 12852K, committed 13056K, reserved 1060864K
  class space    used 1629K, capacity 1712K, committed 1792K, reserved 1048576K
Event: 2.657 GC heap after
Heap after GC invocations=1 (full 0):
 PSYoungGen      total 18944K, used 2544K [0x0000000142300000, 0x0000000143800000, 0x0000000157800000)
  eden space 16384K, 0% used [0x0000000142300000,0x0000000142300000,0x0000000143300000)
  from space 2560K, 99% used [0x0000000143300000,0x000000014357c030,0x0000000143580000)
  to   space 2560K, 0% used [0x0000000143580000,0x0000000143580000,0x0000000143800000)
 ParOldGen       total 44032K, used 256K [0x0000000117800000, 0x000000011a300000, 0x0000000142300000)
  object space 44032K, 0% used [0x0000000117800000,0x00000001178401b0,0x000000011a300000)
 Metaspace       used 12511K, capacity 12852K, committed 13056K, reserved 1060864K
  class space    used 1629K, capacity 1712K, committed 1792K, reserved 1048576K
}
Event: 3.513 GC heap before
{Heap before GC invocations=2 (full 0):
 PSYoungGen      total 18944K, used 16341K [0x0000000142300000, 0x0000000143800000, 0x0000000157800000)
  eden space 16384K, 84% used [0x0000000142300000,0x00000001430797c8,0x0000000143300000)
  from space 2560K, 99% used [0x0000000143300000,0x000000014357c030,0x0000000143580000)
  to   space 2560K, 0% used [0x0000000143580000,0x0000000143580000,0x0000000143800000)
 ParOldGen       total 44032K, used 256K [0x0000000117800000, 0x000000011a300000, 0x0000000142300000)
  object space 44032K, 0% used [0x0000000117800000,0x00000001178401b0,0x000000011a300000)
 Metaspace       used 16721K, capacity 17032K, committed 17280K, reserved 1064960K
  class space    used 2291K, capacity 2374K, committed 2432K, reserved 1048576K
Event: 3.521 GC heap after
Heap after GC invocations=2 (full 0):
 PSYoungGen      total 18944K, used 2555K [0x0000000142300000, 0x0000000143800000, 0x0000000157800000)
  eden space 16384K, 0% used [0x0000000142300000,0x0000000142300000,0x0000000143300000)
  from space 2560K, 99% used [0x0000000143580000,0x00000001437fec00,0x0000000143800000)
  to   space 2560K, 0% used [0x0000000143300000,0x0000000143300000,0x0000000143580000)
 ParOldGen       total 44032K, used 2882K [0x0000000117800000, 0x000000011a300000, 0x0000000142300000)
  object space 44032K, 6% used [0x0000000117800000,0x0000000117ad0a40,0x000000011a300000)
 Metaspace       used 16721K, capacity 17032K, committed 17280K, reserved 1064960K
  class space    used 2291K, capacity 2374K, committed 2432K, reserved 1048576K
}
Event: 4.992 GC heap before
{Heap before GC invocations=3 (full 0):
 PSYoungGen      total 18944K, used 18939K [0x0000000142300000, 0x0000000143800000, 0x0000000157800000)
  eden space 16384K, 100% used [0x0000000142300000,0x0000000143300000,0x0000000143300000)
  from space 2560K, 99% used [0x0000000143580000,0x00000001437fec00,0x0000000143800000)
  to   space 2560K, 0% used [0x0000000143300000,0x0000000143300000,0x0000000143580000)
 ParOldGen       total 44032K, used 2882K [0x0000000117800000, 0x000000011a300000, 0x0000000142300000)
  object space 44032K, 6% used [0x0000000117800000,0x0000000117ad0a40,0x000000011a300000)
 Metaspace       used 20243K, capacity 20724K, committed 20864K, reserved 1067008K
  class space    used 2825K, capacity 2938K, committed 2944K, reserved 1048576K
Event: 5.002 GC heap after
Heap after GC invocations=3 (full 0):
 PSYoungGen      total 18944K, used 2549K [0x0000000142300000, 0x0000000143800000, 0x0000000157800000)
  eden space 16384K, 0% used [0x0000000142300000,0x0000000142300000,0x0000000143300000)
  from space 2560K, 99% used [0x0000000143300000,0x000000014357d640,0x0000000143580000)
  to   space 2560K, 0% used [0x0000000143580000,0x0000000143580000,0x0000000143800000)
 ParOldGen       total 44032K, used 8334K [0x0000000117800000, 0x000000011a300000, 0x0000000142300000)
  object space 44032K, 18% used [0x0000000117800000,0x0000000118023b78,0x000000011a300000)
 Metaspace       used 20243K, capacity 20724K, committed 20864K, reserved 1067008K
  class space    used 2825K, capacity 2938K, committed 2944K, reserved 1048576K
}

